<?xml version="1.0" encoding="UTF-8"?>
<!-- Generated by org.testng.reporters.JUnitReportReporter -->
<testsuite hostname="Saifs-MacBook-Air.local" failures="0" tests="1" name="tests.LoginTest" time="6.951" errors="0" timestamp="2025-09-05T17:49:44 IST" skipped="0">
  <testcase classname="tests.LoginTest" name="testValidationLogin" time="6.951"/>
</testsuite> <!-- tests.LoginTest -->
